<?xml version="1.0" encoding="UTF-8"?>
<!-- Generated by org.testng.reporters.JUnitReportReporter -->
<testsuite hostname="DESKTOP-UA7G0ND" failures="0" tests="2" name="SeleniumProject.MySeleniumProject.Tests.SubmitCartTest" time="21.496" errors="0" timestamp="2024-07-04T09:35:18 IST" skipped="0">
  <testcase classname="SeleniumProject.MySeleniumProject.Tests.SubmitCartTest" name="submitOrder" time="13.502"/>
  <testcase classname="SeleniumProject.MySeleniumProject.Tests.SubmitCartTest" name="submitOrder" time="7.994"/>
</testsuite> <!-- SeleniumProject.MySeleniumProject.Tests.SubmitCartTest -->
