<?xml version="1.0" encoding="UTF-8"?>
<!-- Generated by org.testng.reporters.JUnitReportReporter -->
<testsuite hostname="DESKTOP-UA7G0ND" failures="0" tests="1" name="SeleniumProject.MySeleniumProject.SubmitCartTest" time="17.808" errors="0" timestamp="2024-07-01T13:53:30 IST" skipped="0">
  <testcase classname="SeleniumProject.MySeleniumProject.SubmitCartTest" name="submitOrder" time="17.808"/>
</testsuite> <!-- SeleniumProject.MySeleniumProject.SubmitCartTest -->
