<?xml version="1.0" encoding="UTF-8"?>
<!-- Generated by org.testng.reporters.JUnitReportReporter -->
<testsuite hostname="DESKTOP-UA7G0ND" failures="0" tests="3" name="SeleniumProject.MySeleniumProject.Tests.SubmitCartTest" time="29.388" errors="0" timestamp="2024-07-04T13:44:00 IST" skipped="0">
  <testcase classname="SeleniumProject.MySeleniumProject.Tests.SubmitCartTest" name="submitOrder" time="12.780"/>
  <testcase classname="SeleniumProject.MySeleniumProject.Tests.SubmitCartTest" name="prodMatchOrderList" time="3.740"/>
  <testcase classname="SeleniumProject.MySeleniumProject.Tests.SubmitCartTest" name="submitOrder" time="12.868"/>
</testsuite> <!-- SeleniumProject.MySeleniumProject.Tests.SubmitCartTest -->
